Compiled jquery.js  (3ms)  (pid 1558)
Compiled jquery_ujs.js  (0ms)  (pid 1558)
Compiled twitter/bootstrap/bootstrap-transition.js  (0ms)  (pid 1558)
Compiled twitter/bootstrap/bootstrap-alert.js  (0ms)  (pid 1558)
Compiled twitter/bootstrap/bootstrap-modal.js  (0ms)  (pid 1558)
Compiled twitter/bootstrap/bootstrap-dropdown.js  (0ms)  (pid 1558)
Compiled twitter/bootstrap/bootstrap-scrollspy.js  (1ms)  (pid 1558)
Compiled twitter/bootstrap/bootstrap-tab.js  (0ms)  (pid 1558)
Compiled twitter/bootstrap/bootstrap-tooltip.js  (0ms)  (pid 1558)
Compiled twitter/bootstrap/bootstrap-popover.js  (0ms)  (pid 1558)
Compiled twitter/bootstrap/bootstrap-button.js  (0ms)  (pid 1558)
Compiled twitter/bootstrap/bootstrap-collapse.js  (0ms)  (pid 1558)
Compiled twitter/bootstrap/bootstrap-carousel.js  (0ms)  (pid 1558)
Compiled twitter/bootstrap/bootstrap-typeahead.js  (0ms)  (pid 1558)
Compiled twitter/bootstrap/bootstrap-affix.js  (0ms)  (pid 1558)
Compiled twitter/bootstrap.js  (139ms)  (pid 1558)
Compiled bootstrap.js  (164ms)  (pid 1558)
Compiled megamenu.js  (0ms)  (pid 1558)
Compiled megamenu.min.js  (0ms)  (pid 1558)
Compiled megamenu_plugins.js  (0ms)  (pid 1558)
Compiled pages.js  (1ms)  (pid 1558)
Compiled application.js  (916ms)  (pid 1558)
Compiled jquery.js  (2ms)  (pid 1573)
Compiled jquery_ujs.js  (39ms)  (pid 1573)
Compiled twitter/bootstrap/bootstrap-transition.js  (0ms)  (pid 1573)
Compiled twitter/bootstrap/bootstrap-alert.js  (5ms)  (pid 1573)
Compiled twitter/bootstrap/bootstrap-modal.js  (0ms)  (pid 1573)
Compiled twitter/bootstrap/bootstrap-dropdown.js  (0ms)  (pid 1573)
Compiled twitter/bootstrap/bootstrap-scrollspy.js  (0ms)  (pid 1573)
Compiled twitter/bootstrap/bootstrap-tab.js  (0ms)  (pid 1573)
Compiled twitter/bootstrap/bootstrap-tooltip.js  (0ms)  (pid 1573)
Compiled twitter/bootstrap/bootstrap-popover.js  (2ms)  (pid 1573)
Compiled twitter/bootstrap/bootstrap-button.js  (0ms)  (pid 1573)
Compiled twitter/bootstrap/bootstrap-collapse.js  (0ms)  (pid 1573)
Compiled twitter/bootstrap/bootstrap-carousel.js  (0ms)  (pid 1573)
Compiled twitter/bootstrap/bootstrap-typeahead.js  (0ms)  (pid 1573)
Compiled twitter/bootstrap/bootstrap-affix.js  (0ms)  (pid 1573)
Compiled twitter/bootstrap.js  (180ms)  (pid 1573)
Compiled bootstrap.js  (80ms)  (pid 1573)
Compiled megamenu.js  (0ms)  (pid 1573)
Compiled megamenu.min.js  (0ms)  (pid 1573)
Compiled megamenu_plugins.js  (0ms)  (pid 1573)
Compiled pages.js  (1ms)  (pid 1573)
Compiled application.js  (399ms)  (pid 1573)
Compiled bootstrap_and_overrides.css  (1603ms)  (pid 1573)
Compiled megamenu.css  (1ms)  (pid 1573)
Compiled pages.css  (52ms)  (pid 1573)
Compiled application.css  (1708ms)  (pid 1573)
Compiled jquery.js  (2ms)  (pid 1573)
Compiled jquery_ujs.js  (0ms)  (pid 1573)
Compiled twitter/bootstrap/bootstrap-transition.js  (0ms)  (pid 1573)
Compiled twitter/bootstrap/bootstrap-alert.js  (0ms)  (pid 1573)
Compiled twitter/bootstrap/bootstrap-modal.js  (0ms)  (pid 1573)
Compiled twitter/bootstrap/bootstrap-dropdown.js  (0ms)  (pid 1573)
Compiled twitter/bootstrap/bootstrap-scrollspy.js  (0ms)  (pid 1573)
Compiled twitter/bootstrap/bootstrap-tab.js  (0ms)  (pid 1573)
Compiled twitter/bootstrap/bootstrap-tooltip.js  (2ms)  (pid 1573)
Compiled twitter/bootstrap/bootstrap-popover.js  (0ms)  (pid 1573)
Compiled twitter/bootstrap/bootstrap-button.js  (0ms)  (pid 1573)
Compiled twitter/bootstrap/bootstrap-collapse.js  (0ms)  (pid 1573)
Compiled twitter/bootstrap/bootstrap-carousel.js  (0ms)  (pid 1573)
Compiled twitter/bootstrap/bootstrap-typeahead.js  (0ms)  (pid 1573)
Compiled twitter/bootstrap/bootstrap-affix.js  (0ms)  (pid 1573)
Compiled twitter/bootstrap.js  (150ms)  (pid 1573)
Compiled bootstrap.js  (79ms)  (pid 1573)
Compiled megamenu.js  (0ms)  (pid 1573)
Compiled megamenu.min.js  (0ms)  (pid 1573)
Compiled megamenu_plugins.js  (0ms)  (pid 1573)
Compiled pages.js  (1ms)  (pid 1573)
Compiled application.js  (359ms)  (pid 1573)
Compiled bootstrap_and_overrides.css  (1184ms)  (pid 1573)
Compiled megamenu.css  (2ms)  (pid 1573)
Compiled pages.css  (57ms)  (pid 1573)
Compiled application.css  (1393ms)  (pid 1573)
Compiled jquery.js  (3ms)  (pid 860)
Compiled jquery_ujs.js  (0ms)  (pid 860)
Compiled twitter/bootstrap/bootstrap-transition.js  (0ms)  (pid 860)
Compiled twitter/bootstrap/bootstrap-alert.js  (0ms)  (pid 860)
Compiled twitter/bootstrap/bootstrap-modal.js  (0ms)  (pid 860)
Compiled twitter/bootstrap/bootstrap-dropdown.js  (0ms)  (pid 860)
Compiled twitter/bootstrap/bootstrap-scrollspy.js  (0ms)  (pid 860)
Compiled twitter/bootstrap/bootstrap-tab.js  (0ms)  (pid 860)
Compiled twitter/bootstrap/bootstrap-tooltip.js  (0ms)  (pid 860)
Compiled twitter/bootstrap/bootstrap-popover.js  (0ms)  (pid 860)
Compiled twitter/bootstrap/bootstrap-button.js  (0ms)  (pid 860)
Compiled twitter/bootstrap/bootstrap-collapse.js  (0ms)  (pid 860)
Compiled twitter/bootstrap/bootstrap-carousel.js  (0ms)  (pid 860)
Compiled twitter/bootstrap/bootstrap-typeahead.js  (0ms)  (pid 860)
Compiled twitter/bootstrap/bootstrap-affix.js  (0ms)  (pid 860)
Compiled twitter/bootstrap.js  (225ms)  (pid 860)
Compiled bootstrap.js  (144ms)  (pid 860)
Compiled megamenu.js  (0ms)  (pid 860)
Compiled megamenu.min.js  (0ms)  (pid 860)
Compiled megamenu_plugins.js  (0ms)  (pid 860)
Compiled pages.js  (1ms)  (pid 860)
Compiled application.js  (555ms)  (pid 860)
Compiled bootstrap_and_overrides.css  (1888ms)  (pid 860)
Compiled megamenu.css  (0ms)  (pid 860)
Compiled pages.css  (95ms)  (pid 860)
Compiled application.css  (2006ms)  (pid 860)
Compiled jquery.js  (2ms)  (pid 860)
Compiled jquery_ujs.js  (0ms)  (pid 860)
Compiled twitter/bootstrap/bootstrap-transition.js  (0ms)  (pid 860)
Compiled twitter/bootstrap/bootstrap-alert.js  (0ms)  (pid 860)
Compiled twitter/bootstrap/bootstrap-modal.js  (0ms)  (pid 860)
Compiled twitter/bootstrap/bootstrap-dropdown.js  (1ms)  (pid 860)
Compiled twitter/bootstrap/bootstrap-scrollspy.js  (0ms)  (pid 860)
Compiled twitter/bootstrap/bootstrap-tab.js  (0ms)  (pid 860)
Compiled twitter/bootstrap/bootstrap-tooltip.js  (0ms)  (pid 860)
Compiled twitter/bootstrap/bootstrap-popover.js  (0ms)  (pid 860)
Compiled twitter/bootstrap/bootstrap-button.js  (1ms)  (pid 860)
Compiled twitter/bootstrap/bootstrap-collapse.js  (0ms)  (pid 860)
Compiled twitter/bootstrap/bootstrap-carousel.js  (0ms)  (pid 860)
Compiled twitter/bootstrap/bootstrap-typeahead.js  (0ms)  (pid 860)
Compiled twitter/bootstrap/bootstrap-affix.js  (1ms)  (pid 860)
Compiled twitter/bootstrap.js  (178ms)  (pid 860)
Compiled bootstrap.js  (88ms)  (pid 860)
Compiled megamenu.js  (0ms)  (pid 860)
Compiled megamenu.min.js  (0ms)  (pid 860)
Compiled megamenu_plugins.js  (0ms)  (pid 860)
Compiled pages.js  (1ms)  (pid 860)
Compiled application.js  (424ms)  (pid 860)
Compiled bootstrap_and_overrides.css  (1212ms)  (pid 860)
Compiled megamenu.css  (0ms)  (pid 860)
Compiled pages.css  (60ms)  (pid 860)
Compiled application.css  (1442ms)  (pid 860)
Compiled jquery.js  (2ms)  (pid 900)
Compiled jquery_ujs.js  (0ms)  (pid 900)
Compiled twitter/bootstrap/bootstrap-transition.js  (0ms)  (pid 900)
Compiled twitter/bootstrap/bootstrap-alert.js  (1ms)  (pid 900)
Compiled twitter/bootstrap/bootstrap-modal.js  (0ms)  (pid 900)
Compiled twitter/bootstrap/bootstrap-dropdown.js  (0ms)  (pid 900)
Compiled twitter/bootstrap/bootstrap-scrollspy.js  (0ms)  (pid 900)
Compiled twitter/bootstrap/bootstrap-tab.js  (0ms)  (pid 900)
Compiled twitter/bootstrap/bootstrap-tooltip.js  (0ms)  (pid 900)
Compiled twitter/bootstrap/bootstrap-popover.js  (0ms)  (pid 900)
Compiled twitter/bootstrap/bootstrap-button.js  (0ms)  (pid 900)
Compiled twitter/bootstrap/bootstrap-collapse.js  (0ms)  (pid 900)
Compiled twitter/bootstrap/bootstrap-carousel.js  (0ms)  (pid 900)
Compiled twitter/bootstrap/bootstrap-typeahead.js  (0ms)  (pid 900)
Compiled twitter/bootstrap/bootstrap-affix.js  (0ms)  (pid 900)
Compiled twitter/bootstrap.js  (184ms)  (pid 900)
Compiled bootstrap.js  (88ms)  (pid 900)
Compiled megamenu.js  (0ms)  (pid 900)
Compiled megamenu.min.js  (0ms)  (pid 900)
Compiled megamenu_plugins.js  (0ms)  (pid 900)
Compiled pages.js  (1ms)  (pid 900)
Compiled products.js  (1ms)  (pid 900)
Compiled application.js  (511ms)  (pid 900)
Compiled bootstrap_and_overrides.css  (1825ms)  (pid 900)
Compiled megamenu.css  (0ms)  (pid 900)
Compiled pages.css  (18ms)  (pid 900)
Compiled products.css  (1ms)  (pid 900)
Compiled scaffolds.css  (15ms)  (pid 900)
Compiled application.css  (1897ms)  (pid 900)
Compiled jquery.js  (2ms)  (pid 900)
Compiled jquery_ujs.js  (0ms)  (pid 900)
Compiled twitter/bootstrap/bootstrap-transition.js  (0ms)  (pid 900)
Compiled twitter/bootstrap/bootstrap-alert.js  (0ms)  (pid 900)
Compiled twitter/bootstrap/bootstrap-modal.js  (0ms)  (pid 900)
Compiled twitter/bootstrap/bootstrap-dropdown.js  (0ms)  (pid 900)
Compiled twitter/bootstrap/bootstrap-scrollspy.js  (0ms)  (pid 900)
Compiled twitter/bootstrap/bootstrap-tab.js  (0ms)  (pid 900)
Compiled twitter/bootstrap/bootstrap-tooltip.js  (0ms)  (pid 900)
Compiled twitter/bootstrap/bootstrap-popover.js  (0ms)  (pid 900)
Compiled twitter/bootstrap/bootstrap-button.js  (0ms)  (pid 900)
Compiled twitter/bootstrap/bootstrap-collapse.js  (0ms)  (pid 900)
Compiled twitter/bootstrap/bootstrap-carousel.js  (0ms)  (pid 900)
Compiled twitter/bootstrap/bootstrap-typeahead.js  (0ms)  (pid 900)
Compiled twitter/bootstrap/bootstrap-affix.js  (1ms)  (pid 900)
Compiled twitter/bootstrap.js  (259ms)  (pid 900)
Compiled bootstrap.js  (100ms)  (pid 900)
Compiled megamenu.js  (0ms)  (pid 900)
Compiled megamenu.min.js  (0ms)  (pid 900)
Compiled megamenu_plugins.js  (0ms)  (pid 900)
Compiled pages.js  (1ms)  (pid 900)
Compiled products.js  (0ms)  (pid 900)
Compiled application.js  (529ms)  (pid 900)
Compiled bootstrap_and_overrides.css  (1319ms)  (pid 900)
Compiled megamenu.css  (0ms)  (pid 900)
Compiled pages.css  (63ms)  (pid 900)
Compiled products.css  (2ms)  (pid 900)
Compiled scaffolds.css  (18ms)  (pid 900)
Compiled application.css  (1580ms)  (pid 900)
